INFO:root:Trader Script Started at 2022-10-27 17:30:01
INFO:root:Creating Database Connection
INFO:root:Connection Details: 
INFO:root:<connection object at 0x1021d0eb0; dsn: 'user=agrishabh host=localhost port=5432 dbname=agrishabh', closed: 0>
INFO:root:Creating Binance Connection
INFO:root:Created Binance Connection
INFO:root:Checking Existing Positions from Database
INFO:root:Running the sql query: select id from positions where position_status = 'OPEN'
INFO:root:Fetched the following position ids
INFO:root:[45, 47, 43, 44]
INFO:root:Checking the status for following Position
INFO:root:Position id: 45
INFO:root:Symbol     : COTIUSDT
INFO:root:Getting Position risk from API.
INFO:root:Position is not closed.
INFO:root:Checking the status for following Position
INFO:root:Position id: 47
INFO:root:Symbol     : EOSUSDT
INFO:root:Getting Position risk from API.
INFO:root:Position is not closed.
INFO:root:Checking the status for following Position
INFO:root:Position id: 43
INFO:root:Symbol     : APTUSDT
INFO:root:Getting Position risk from API.
INFO:root:Position is not closed.
INFO:root:Checking the status for following Position
INFO:root:Position id: 44
INFO:root:Symbol     : FILUSDT
INFO:root:Getting Position risk from API.
INFO:root:Position is not closed.
INFO:root:Checking if we can create New Positions: 
INFO:root:Wallet Utilization: 20.001558971731395
INFO:root:Checking if new positions need to be created
INFO:root:Total new positions need to be created: 0
